<?xml version="1.0" encoding="UTF-8"?>
<!-- Generated by org.testng.reporters.JUnitXMLReporter -->
<testsuite hostname="DESKTOP-GOGL76H" ignored="0" name="Test" tests="1" failures="0" timestamp="02 Oct 2018 05:54:05 GMT" time="0.136" errors="0">
  <testcase name="@BeforeMethod setUpTest" time="0.08" classname="testPackage.BaseClass">
    <failure type="java.lang.IllegalStateException" message="The driver executable does not exist: C:\Users\Vishwam\eclipse-workspace\Auto_loanCalculator\UsersVishwamDesktopProject MarsMarsJavaProject-masterChromeDriverchromerdriver.exe">
      <![CDATA[java.lang.IllegalStateException: The driver executable does not exist: C:\Users\Vishwam\eclipse-workspace\Auto_loanCalculator\UsersVishwamDesktopProject MarsMarsJavaProject-masterChromeDriverchromerdriver.exe
at com.google.common.base.Preconditions.checkState(Preconditions.java:585)
at org.openqa.selenium.remote.service.DriverService.checkExecutable(DriverService.java:136)
at org.openqa.selenium.remote.service.DriverService.findExecutable(DriverService.java:131)
at org.openqa.selenium.chrome.ChromeDriverService.access$000(ChromeDriverService.java:32)
at org.openqa.selenium.chrome.ChromeDriverService$Builder.findDefaultExecutable(ChromeDriverService.java:137)
at org.openqa.selenium.remote.service.DriverService$Builder.build(DriverService.java:339)
at org.openqa.selenium.chrome.ChromeDriverService.createDefaultService(ChromeDriverService.java:88)
at org.openqa.selenium.chrome.ChromeDriver.<init>(ChromeDriver.java:123)
at helperPackage.BrowserFactory.startBrowser(BrowserFactory.java:31)
at testPackage.BaseClass.setUpTest(BaseClass.java:60)
... Removed 28 stack frames]]>
    </failure>
  </testcase> <!-- @BeforeMethod setUpTest -->
  <testcase name="@AfterMethod tearDownTest" time="0.0" classname="testPackage.BaseClass">
    <skipped/>
  </testcase> <!-- @AfterMethod tearDownTest -->
  <testcase name="ValidatePriceTexbox" time="0.0" classname="testPackage.TestClass">
    <skipped/>
  </testcase> <!-- ValidatePriceTexbox -->
</testsuite> <!-- Test -->
