<?xml version="1.0" encoding="UTF-8"?>
<testsuite xmlns:xsi="http://www.w3.org/2001/XMLSchema-instance" xsi:noNamespaceSchemaLocation="https://maven.apache.org/surefire/maven-surefire-plugin/xsd/surefire-test-report.xsd" name="testPackage.TestClass" time="58.804" tests="2" errors="0" skipped="0" failures="1">
  <properties>
[...]
</properties>
  <testcase name="ValidateEMICalculator" classname="testPackage.TestClass" time="15.188">
    <failure message="invalid selector: Unable to locate an element with the xpath expression //*[@id=\&apos;j_id_3s-tabsColumn-j_id_43-j_id_44-autoLoanCalculator-j_id_4a-calculatorFormColumn-loanCalculatorMonths-loanCalculatorLengthOfLoan\&apos;]/tbody/tr/td[1]/label because of the following error:&#10;SyntaxError: Failed to execute &apos;evaluate&apos; on &apos;Document&apos;: The string &apos;//*[@id=\&apos;j_id_3s-tabsColumn-j_id_43-j_id_44-autoLoanCalculator-j_id_4a-calculatorFormColumn-loanCalculatorMonths-loanCalculatorLengthOfLoan\&apos;]/tbody/tr/td[1]/label&apos; is not a valid XPath expression.&#10;  (Session info: chrome=69.0.3497.100)&#10;  (Driver info: chromedriver=2.37.544315 (730aa6a5fdba159ac9f4c1e8cbc59bf1b5ce12b7),platform=Windows NT 10.0.17134 x86_64) (WARNING: The server did not provide any stacktrace information)&#10;Command duration or timeout: 0 milliseconds&#10;For documentation on this error, please visit: http://seleniumhq.org/exceptions/invalid_selector_exception.html&#10;Build info: version: &apos;3.11.0&apos;, revision: &apos;e59cfb3&apos;, time: &apos;2018-03-11T20:26:55.152Z&apos;&#10;System info: host: &apos;DESKTOP-GOGL76H&apos;, ip: &apos;192.168.1.173&apos;, os.name: &apos;Windows 10&apos;, os.arch: &apos;amd64&apos;, os.version: &apos;10.0&apos;, java.version: &apos;1.8.0_171&apos;&#10;Driver info: org.openqa.selenium.chrome.ChromeDriver&#10;Capabilities {acceptInsecureCerts: false, acceptSslCerts: false, applicationCacheEnabled: false, browserConnectionEnabled: false, browserName: chrome, chrome: {chromedriverVersion: 2.37.544315 (730aa6a5fdba15..., userDataDir: C:\Users\Vishwam\AppData\Lo...}, cssSelectorsEnabled: true, databaseEnabled: false, handlesAlerts: true, hasTouchScreen: false, javascriptEnabled: true, locationContextEnabled: true, mobileEmulationEnabled: false, nativeEvents: true, networkConnectionEnabled: false, pageLoadStrategy: normal, platform: XP, platformName: XP, rotatable: false, setWindowRect: true, takesHeapSnapshot: true, takesScreenshot: true, unexpectedAlertBehaviour: , unhandledPromptBehavior: , version: 69.0.3497.100, webStorageEnabled: true}&#10;Session ID: 0dc5c17a9497127751e540e8c1ece8e9&#10;*** Element info: {Using=xpath, value=//*[@id=\&apos;j_id_3s-tabsColumn-j_id_43-j_id_44-autoLoanCalculator-j_id_4a-calculatorFormColumn-loanCalculatorMonths-loanCalculatorLengthOfLoan\&apos;]/tbody/tr/td[1]/label}" type="org.openqa.selenium.InvalidSelectorException">org.openqa.selenium.InvalidSelectorException: 
invalid selector: Unable to locate an element with the xpath expression //*[@id=\'j_id_3s-tabsColumn-j_id_43-j_id_44-autoLoanCalculator-j_id_4a-calculatorFormColumn-loanCalculatorMonths-loanCalculatorLengthOfLoan\']/tbody/tr/td[1]/label because of the following error:
SyntaxError: Failed to execute 'evaluate' on 'Document': The string '//*[@id=\'j_id_3s-tabsColumn-j_id_43-j_id_44-autoLoanCalculator-j_id_4a-calculatorFormColumn-loanCalculatorMonths-loanCalculatorLengthOfLoan\']/tbody/tr/td[1]/label' is not a valid XPath expression.
  (Session info: chrome=69.0.3497.100)
  (Driver info: chromedriver=2.37.544315 (730aa6a5fdba159ac9f4c1e8cbc59bf1b5ce12b7),platform=Windows NT 10.0.17134 x86_64) (WARNING: The server did not provide any stacktrace information)
Command duration or timeout: 0 milliseconds
For documentation on this error, please visit: http://seleniumhq.org/exceptions/invalid_selector_exception.html
Build info: version: '3.11.0', revision: 'e59cfb3', time: '2018-03-11T20:26:55.152Z'
System info: host: 'DESKTOP-GOGL76H', ip: '192.168.1.173', os.name: 'Windows 10', os.arch: 'amd64', os.version: '10.0', java.version: '1.8.0_171'
Driver info: org.openqa.selenium.chrome.ChromeDriver
Capabilities {acceptInsecureCerts: false, acceptSslCerts: false, applicationCacheEnabled: false, browserConnectionEnabled: false, browserName: chrome, chrome: {chromedriverVersion: 2.37.544315 (730aa6a5fdba15..., userDataDir: C:\Users\Vishwam\AppData\Lo...}, cssSelectorsEnabled: true, databaseEnabled: false, handlesAlerts: true, hasTouchScreen: false, javascriptEnabled: true, locationContextEnabled: true, mobileEmulationEnabled: false, nativeEvents: true, networkConnectionEnabled: false, pageLoadStrategy: normal, platform: XP, platformName: XP, rotatable: false, setWindowRect: true, takesHeapSnapshot: true, takesScreenshot: true, unexpectedAlertBehaviour: , unhandledPromptBehavior: , version: 69.0.3497.100, webStorageEnabled: true}
Session ID: 0dc5c17a9497127751e540e8c1ece8e9
*** Element info: {Using=xpath, value=//*[@id=\'j_id_3s-tabsColumn-j_id_43-j_id_44-autoLoanCalculator-j_id_4a-calculatorFormColumn-loanCalculatorMonths-loanCalculatorLengthOfLoan\']/tbody/tr/td[1]/label}
	at testPackage.TestClass.ValidateEMICalculator(TestClass.java:41)
</failure>
    <system-err><![CDATA[Starting ChromeDriver 2.37.544315 (730aa6a5fdba159ac9f4c1e8cbc59bf1b5ce12b7) on port 47100
Only local connections are allowed.
Oct 03, 2018 10:41:23 PM org.openqa.selenium.remote.ProtocolHandshake createSession
INFO: Detected dialect: OSS
]]></system-err>
  </testcase>
  <testcase name="ValidatePriceOption" classname="testPackage.TestClass" time="10.835"/>
</testsuite>